\BOOKMARK [0][-]{chapter.1}{\376\377\000C\000\364\000n\000g\000\040\000n\000g\000h\036\307\000\040\000N\000o\000d\000e\000J\000S}{}% 1
\BOOKMARK [1][-]{section.1.1}{\376\377\000C\000\341\000c\000\040\000m\000\364\000\040\000h\000\354\000n\000h\000\040\000S\000e\000r\000v\000e\000r}{chapter.1}% 2
\BOOKMARK [2][-]{subsection.1.1.1}{\376\377\000M\000\364\000\040\000h\000\354\000n\000h\000\040\000S\000y\000n\000c\000h\000r\000o\000n\000o\000u\000s\000\040\000I\000O\000\040\000S\000e\000r\000v\000e\000r}{section.1.1}% 3
\BOOKMARK [2][-]{subsection.1.1.2}{\376\377\000M\000\364\000\040\000h\000\354\000n\000h\000\040\000A\000s\000y\000n\000c\000h\000r\000o\000n\000o\000u\000s\000\040\000I\000O\000\040\000S\000e\000r\000v\000e\000r}{section.1.1}% 4
\BOOKMARK [1][-]{section.1.2}{\376\377\000G\000i\036\333\000i\000\040\000t\000h\000i\036\307\000u\000\040\000N\000o\000d\000e\000J\000S}{chapter.1}% 5
\BOOKMARK [2][-]{subsection.1.2.1}{\376\377\000M\036\331\000t\000\040\000k\036\277\000t\000\040\000q\000u\036\243\000\040\000b\000e\000n\000c\000h\000m\000a\000r\000k}{section.1.2}% 6
\BOOKMARK [2][-]{subsection.1.2.2}{\376\377\000L\036\255\000p\000\040\000t\000r\000\354\000n\000h\000\040\000h\001\260\036\333\000n\000g\000\040\000s\036\361\000\040\000k\000i\036\307\000n\000\040\000t\000r\000\352\000n\000\040\000s\000e\000r\000v\000e\000r}{section.1.2}% 7
\BOOKMARK [0][-]{chapter.2}{\376\377\000C\000\340\000i\000\040\001\021\036\267\000t\000\040\000v\000\340\000\040\000q\000u\036\243\000n\000\040\000l\000\375\000\040\000m\000o\000d\000u\000l\000e\000\040\000t\000r\000o\000n\000g\000\040\000N\000o\000d\000e\000J\000S}{}% 8
\BOOKMARK [1][-]{section.2.1}{\376\377\000C\000\340\000i\000\040\001\021\036\267\000t\000\040\000N\000o\000d\000e\000J\000S}{chapter.2}% 9
\BOOKMARK [2][-]{subsection.2.1.1}{\376\377\000C\000\340\000i\000\040\001\021\036\267\000t\000\040\000N\000o\000d\000e\000J\000S}{section.2.1}% 10
\BOOKMARK [2][-]{subsection.2.1.2}{\376\377\000S\036\355\000\040\000d\036\345\000n\000g\000\040\000N\000o\000d\000e\000J\000s}{section.2.1}% 11
\BOOKMARK [1][-]{section.2.2}{\376\377\000Q\000u\036\243\000n\000\040\000l\000\375\000\040\000m\000o\000d\000u\000l\000e\000\040\000t\000r\000o\000n\000g\000\040\000N\000o\000d\000e\000J\000S}{chapter.2}% 12
\BOOKMARK [2][-]{subsection.2.2.1}{\376\377\000Q\000u\036\243\000n\000\040\000l\000\375\000\040\000m\000o\000d\000u\000l\000e\000\040\000t\000r\000o\000n\000g\000\040\000N\000o\000d\000e\000j\000S}{section.2.2}% 13
\BOOKMARK [1][-]{section.2.3}{\376\377\000X\000\342\000y\000\040\000d\036\361\000n\000g\000\040\000v\000\340\000\040\000s\036\355\000\040\000d\036\345\000n\000g\000\040\000c\000\341\000c\000\040\000m\000o\000d\000u\000l\000e}{chapter.2}% 14
\BOOKMARK [0][-]{chapter.3}{\376\377\000L\036\255\000p\000\040\000t\000r\000\354\000n\000h\000\040\000c\001\241\000\040\000b\036\243\000n\000\040\000N\000o\000d\000e\000J\000S}{}% 15
\BOOKMARK [1][-]{section.3.1}{\376\377\000M\036\331\000t\000\040\000s\036\321\000\040\000m\000o\000d\000u\000l\000e\000\040\000l\000\340\000m\000\040\000v\000i\036\307\000c\000\040\000v\000\340\000o\000\040\000r\000a}{chapter.3}% 16
\BOOKMARK [2][-]{subsection.3.1.1}{\376\377\000M\000o\000d\000u\000l\000e\000\040\000f\000s}{section.3.1}% 17
\BOOKMARK [2][-]{subsection.3.1.2}{\376\377\000M\000o\000d\000u\000l\000e\000\040\000p\000a\000t\000h}{section.3.1}% 18
\BOOKMARK [1][-]{section.3.2}{\376\377\000M\036\331\000t\000\040\000s\036\321\000\040\000m\000o\000d\000u\000l\000e\000\040\000v\036\301\000\040\000m\036\241\000n\000g}{chapter.3}% 19
\BOOKMARK [2][-]{subsection.3.2.1}{\376\377\000H\000T\000T\000P\000\040\000\046\000\040\000H\000T\000T\000P\000S}{section.3.2}% 20
\BOOKMARK [2][-]{subsection.3.2.2}{\376\377\000L\036\333\000p\000\040\000h\000t\000t\000p\000.\000S\000e\000r\000v\000e\000r\000R\000e\000q\000u\000e\000s\000t}{section.3.2}% 21
\BOOKMARK [2][-]{subsection.3.2.3}{\376\377\000N\000e\000t}{section.3.2}% 22
\BOOKMARK [2][-]{subsection.3.2.4}{\376\377\000U\000R\000L\000\040\000\046\000\040\000Q\000u\000e\000r\000y\000S\000t\000r\000i\000n\000g}{section.3.2}% 23
\BOOKMARK [2][-]{subsection.3.2.5}{\376\377\000D\000N\000S}{section.3.2}% 24
\BOOKMARK [1][-]{section.3.3}{\376\377\000M\036\331\000t\000\040\000s\036\321\000\040\000m\000o\000d\000u\000l\000e\000\040\000c\000\364\000n\000g\000\040\000c\036\345}{chapter.3}% 25
\BOOKMARK [2][-]{subsection.3.3.1}{\376\377\000C\000o\000n\000s\000o\000l\000e}{section.3.3}% 26
\BOOKMARK [2][-]{subsection.3.3.2}{\376\377\000U\000t\000i\000l}{section.3.3}% 27
\BOOKMARK [2][-]{subsection.3.3.3}{\376\377\000E\000v\000e\000n\000t\000\040\000E\000m\000i\000t\000t\000e\000r}{section.3.3}% 28
\BOOKMARK [2][-]{subsection.3.3.4}{\376\377\000B\000u\000f\000f\000e\000r}{section.3.3}% 29
\BOOKMARK [0][-]{chapter.4}{\376\377\000V\000\355\000\040\000d\036\345\000\040\000m\000i\000n\000h\000\040\000h\036\315\000a\000\040\000v\036\333\000i\000\040\000N\000o\000d\000e\000J\000S}{}% 30
\BOOKMARK [1][-]{section.4.1}{\376\377\000M\000o\000d\000u\000l\000e\000\040\000S\000e\000r\000v\000e\000r}{chapter.4}% 31
\BOOKMARK [1][-]{section.4.2}{\376\377\000M\000o\000d\000u\000l\000e\000\040\000C\000l\000i\000e\000n\000t}{chapter.4}% 32
